AUTOCREATE
2015-08-14T05:59:22+02:00 : 0|admin|login|index|[]
2015-08-14T05:59:35+02:00 : 0|admin|login|login|{"username":"admin"}
2015-08-14T05:59:36+02:00 : 2|admin|index|index|[]
2015-08-14T05:59:42+02:00 : 2|admin|user|get-current-user|[]
2015-08-14T05:59:42+02:00 : 2|admin|misc|available-languages|[]
2015-08-14T05:59:42+02:00 : 2|admin|misc|json-translations-admin|{"language":"en"}
2015-08-14T05:59:42+02:00 : 2|admin|misc|json-translations-system|{"language":"en"}
2015-08-14T05:59:44+02:00 : 2|admin|misc|admin-css|[]
2015-08-14T05:59:45+02:00 : 2|admin|user|get-image|[]
2015-08-14T06:01:04+02:00 : 2|reports|targeting|persona-list|[]
2015-08-14T06:01:05+02:00 : 2|admin|settings|get-available-sites|[]
2015-08-14T06:01:05+02:00 : 2|admin|settings|get-available-admin-languages|[]
2015-08-14T06:01:05+02:00 : 2|admin|class|get-tree|[]
2015-08-14T06:01:05+02:00 : 2|admin|document|tree-get-root|{"id":"1"}
2015-08-14T06:01:05+02:00 : 2|admin|document|doc-types|{"xaction":"read"}
2015-08-14T06:01:05+02:00 : 2|admin|asset|tree-get-root|{"id":"1"}
2015-08-14T06:01:06+02:00 : 2|admin|object|tree-get-root|{"id":"1"}
2015-08-14T06:01:07+02:00 : 2|admin|document|tree-get-childs-by-id|{"limit":"50","start":"0","node":"1"}
2015-08-14T06:01:07+02:00 : 2|admin|portal|dashboard-list|[]
2015-08-14T06:01:07+02:00 : 2|admin|object|tree-get-childs-by-id|{"limit":"30","start":"0","node":"1"}
2015-08-14T06:01:07+02:00 : 2|admin|asset|tree-get-childs-by-id|{"limit":"50","start":"0","node":"1"}
2015-08-14T06:01:07+02:00 : 2|reports|custom-report|get-report-config|[]
2015-08-14T06:02:03+02:00 : 2|admin|misc|ping|[]
2015-08-14T06:03:02+02:00 : 2|admin|misc|ping|[]
2015-08-14T06:04:02+02:00 : 2|admin|misc|ping|[]
2015-08-14T06:05:02+02:00 : 2|admin|misc|ping|[]
2015-08-14T06:06:02+02:00 : 2|admin|misc|ping|[]
2015-08-14T06:07:03+02:00 : 2|admin|misc|ping|[]
2015-08-14T06:08:02+02:00 : 2|admin|misc|ping|[]
2015-08-14T06:09:02+02:00 : 2|admin|misc|ping|[]
2015-08-14T06:10:02+02:00 : 2|admin|misc|ping|[]
2015-08-14T06:11:02+02:00 : 2|admin|misc|ping|[]
2015-08-14T06:12:02+02:00 : 2|admin|misc|ping|[]
2015-08-14T06:13:02+02:00 : 2|admin|misc|ping|[]
2015-08-14T06:14:02+02:00 : 2|admin|misc|ping|[]
2015-08-14T06:15:02+02:00 : 2|admin|misc|ping|[]
2015-08-14T06:16:02+02:00 : 2|admin|misc|ping|[]
2015-08-14T06:17:02+02:00 : 2|admin|misc|ping|[]
2015-08-14T06:18:02+02:00 : 2|admin|misc|ping|[]
2015-08-14T06:19:02+02:00 : 2|admin|misc|ping|[]
2015-08-14T06:20:02+02:00 : 2|admin|misc|ping|[]
2015-08-14T06:21:02+02:00 : 2|admin|misc|ping|[]
2015-08-14T06:22:03+02:00 : 2|admin|misc|ping|[]
2015-08-14T06:23:03+02:00 : 2|admin|misc|ping|[]
2015-08-14T06:24:03+02:00 : 2|admin|misc|ping|[]
2015-08-14T06:25:03+02:00 : 2|admin|misc|ping|[]
2015-08-14T06:26:02+02:00 : 2|admin|misc|ping|[]
2015-08-14T06:27:02+02:00 : 2|admin|misc|ping|[]
2015-08-14T06:28:03+02:00 : 2|admin|misc|ping|[]
2015-08-14T06:29:02+02:00 : 2|admin|misc|ping|[]
2015-08-14T06:30:02+02:00 : 2|admin|misc|ping|[]
2015-08-14T06:31:02+02:00 : 2|admin|misc|ping|[]
2015-08-14T06:32:02+02:00 : 2|admin|misc|ping|[]
2015-08-14T06:33:02+02:00 : 2|admin|misc|ping|[]
2015-08-14T06:34:02+02:00 : 2|admin|misc|ping|[]
2015-08-14T06:35:02+02:00 : 2|admin|misc|ping|[]
2015-08-14T06:36:02+02:00 : 2|admin|misc|ping|[]
2015-08-14T06:37:02+02:00 : 2|admin|misc|ping|[]
2015-08-14T06:38:02+02:00 : 2|admin|misc|ping|[]
2015-08-14T06:39:02+02:00 : 2|admin|misc|ping|[]
2015-08-14T06:40:03+02:00 : 2|admin|misc|ping|[]
2015-08-14T06:41:02+02:00 : 2|admin|misc|ping|[]
2015-08-14T06:42:02+02:00 : 2|admin|misc|ping|[]
2015-08-14T06:43:02+02:00 : 2|admin|misc|ping|[]
2015-08-14T06:44:02+02:00 : 2|admin|misc|ping|[]
2015-08-14T06:45:02+02:00 : 2|admin|misc|ping|[]
2015-08-14T06:46:02+02:00 : 2|admin|misc|ping|[]
2015-08-14T06:47:02+02:00 : 2|admin|misc|ping|[]
2015-08-14T06:48:02+02:00 : 2|admin|misc|ping|[]
2015-08-14T06:49:02+02:00 : 2|admin|misc|ping|[]
2015-08-14T06:50:03+02:00 : 2|admin|misc|ping|[]
2015-08-14T06:51:02+02:00 : 2|admin|misc|ping|[]
2015-08-14T06:52:02+02:00 : 2|admin|misc|ping|[]
2015-08-14T06:53:02+02:00 : 2|admin|misc|ping|[]
2015-08-14T06:54:02+02:00 : 2|admin|misc|ping|[]
2015-08-14T06:55:02+02:00 : 2|admin|misc|ping|[]
2015-08-14T06:56:02+02:00 : 2|admin|misc|ping|[]
2015-08-14T06:57:02+02:00 : 2|admin|misc|ping|[]
2015-08-14T06:58:02+02:00 : 2|admin|misc|ping|[]
2015-08-14T06:59:02+02:00 : 2|admin|misc|ping|[]
2015-08-14T07:00:03+02:00 : 2|admin|misc|ping|[]
2015-08-14T07:01:02+02:00 : 2|admin|misc|ping|[]
2015-08-14T07:02:02+02:00 : 2|admin|misc|ping|[]
2015-08-14T07:03:02+02:00 : 2|admin|misc|ping|[]
2015-08-14T07:04:02+02:00 : 2|admin|misc|ping|[]
2015-08-14T07:05:02+02:00 : 2|admin|misc|ping|[]
2015-08-14T07:06:02+02:00 : 2|admin|misc|ping|[]
2015-08-14T07:07:02+02:00 : 2|admin|misc|ping|[]
2015-08-14T07:08:02+02:00 : 2|admin|misc|ping|[]
2015-08-14T07:09:02+02:00 : 2|admin|misc|ping|[]
2015-08-14T07:10:02+02:00 : 2|admin|misc|ping|[]
2015-08-14T07:11:02+02:00 : 2|admin|misc|ping|[]
2015-08-14T07:12:02+02:00 : 2|admin|misc|ping|[]
2015-08-14T07:13:02+02:00 : 2|admin|misc|ping|[]
2015-08-14T07:14:02+02:00 : 2|admin|misc|ping|[]
2015-08-14T07:15:02+02:00 : 2|admin|misc|ping|[]
2015-08-14T07:16:02+02:00 : 2|admin|misc|ping|[]
2015-08-14T07:17:02+02:00 : 2|admin|misc|ping|[]
2015-08-14T07:18:02+02:00 : 2|admin|misc|ping|[]
2015-08-14T07:19:02+02:00 : 2|admin|misc|ping|[]
2015-08-14T07:20:02+02:00 : 2|admin|misc|ping|[]
2015-08-14T07:21:02+02:00 : 2|admin|misc|ping|[]
2015-08-14T07:22:02+02:00 : 2|admin|misc|ping|[]
2015-08-14T07:23:02+02:00 : 2|admin|misc|ping|[]
2015-08-14T07:24:02+02:00 : 2|admin|misc|ping|[]
2015-08-14T07:25:03+02:00 : 2|admin|misc|ping|[]
2015-08-14T07:26:02+02:00 : 2|admin|misc|ping|[]
2015-08-14T07:27:02+02:00 : 2|admin|misc|ping|[]
2015-08-14T07:42:27+02:00 : 2|admin|misc|ping|[]
2015-08-14T07:42:27+02:00 : 2|admin|misc|ping|[]
2015-08-14T07:43:27+02:00 : 2|admin|misc|ping|[]
